<?xml version="1.0" encoding="UTF-8"?>
<!-- Generated by org.testng.reporters.JUnitReportReporter -->
<testsuite hostname="LAPTOP-2TS75UGP" failures="0" tests="2" name="testNG1.Demo2" time="0.004" errors="0" timestamp="2023-07-17T15:17:47 IST" skipped="0">
  <testcase classname="testNG1.Demo2" name="method4" time="0.002">
    <system-out>
      <![CDATA[this is method4]]>
    </system-out>
  </testcase> <!-- method4 -->
  <testcase classname="testNG1.Demo2" name="method3" time="0.002">
    <system-out>
      <![CDATA[this is method3]]>
    </system-out>
  </testcase> <!-- method3 -->
  <system-out>
    <![CDATA[this is method5
this is method6
this is method1
this is method2
this is method3
this is method4]]>
  </system-out>
</testsuite> <!-- testNG1.Demo2 -->
