<?xml version="1.0" encoding="UTF-8"?>
<!-- Generated by org.testng.reporters.JUnitReportReporter -->
<testsuite hostname="LAPTOP-2TS75UGP" failures="0" tests="2" name="testNG1.Demo1" time="0.002" errors="0" timestamp="2023-07-17T15:17:47 IST" skipped="0">
  <testcase classname="testNG1.Demo1" name="method2" time="0.001">
    <system-out>
      <![CDATA[this is method2]]>
    </system-out>
  </testcase> <!-- method2 -->
  <testcase classname="testNG1.Demo1" name="method1" time="0.001">
    <system-out>
      <![CDATA[this is method1]]>
    </system-out>
  </testcase> <!-- method1 -->
  <system-out>
    <![CDATA[this is method5
this is method6
this is method1
this is method2
this is method3
this is method4]]>
  </system-out>
</testsuite> <!-- testNG1.Demo1 -->
