<?xml version="1.0" encoding="UTF-8"?>
<!-- Generated by org.testng.reporters.JUnitReportReporter -->
<testsuite hostname="LAPTOP-2TS75UGP" failures="0" tests="2" name="testNG1.Demo3" time="0.015" errors="0" timestamp="2023-07-17T15:17:47 IST" skipped="0">
  <testcase classname="testNG1.Demo3" name="method6" time="0.003">
    <system-out>
      <![CDATA[this is method6]]>
    </system-out>
  </testcase> <!-- method6 -->
  <testcase classname="testNG1.Demo3" name="method5" time="0.012">
    <system-out>
      <![CDATA[this is method5]]>
    </system-out>
  </testcase> <!-- method5 -->
  <system-out>
    <![CDATA[this is method5
this is method6
this is method1
this is method2
this is method3
this is method4]]>
  </system-out>
</testsuite> <!-- testNG1.Demo3 -->
