<?xml version="1.0" encoding="UTF-8"?>
<!-- Generated by org.testng.reporters.JUnitReportReporter -->
<testsuite hostname="LAPTOP-2TS75UGP" failures="0" tests="2" name="testNGExecution.TestMethod3" time="0.019" errors="0" timestamp="2023-07-18T15:17:22 IST" skipped="0">
  <testcase classname="testNGExecution.TestMethod3" name="testMethod6" time="0.010">
    <system-out>
      <![CDATA[thread id of testMethod1:24]]>
    </system-out>
  </testcase> <!-- testMethod6 -->
  <testcase classname="testNGExecution.TestMethod3" name="testMethod5" time="0.009">
    <system-out>
      <![CDATA[thread id of testMethod1:23]]>
    </system-out>
  </testcase> <!-- testMethod5 -->
  <system-out>
    <![CDATA[thread id of testMethod1:23
thread id of testMethod1:25
thread id of testMethod1:24
thread id of testMethod1:22
thread id of testMethod1:21
thread id of testMethod1:23]]>
  </system-out>
</testsuite> <!-- testNGExecution.TestMethod3 -->
