<?xml version="1.0" encoding="UTF-8"?>
<!-- Generated by org.testng.reporters.JUnitReportReporter -->
<testsuite hostname="LAPTOP-2TS75UGP" failures="0" tests="1" name="testNG.Sumo" time="16.739" errors="0" timestamp="2023-07-17T15:04:58 IST" skipped="0">
  <testcase classname="testNG.Sumo" name="f" time="16.739">
    <system-out>
      <![CDATA[This is Sumo class]]>
    </system-out>
  </testcase> <!-- f -->
  <system-out>
    <![CDATA[This is Sumo class
This is Remo class
This is Demo class]]>
  </system-out>
</testsuite> <!-- testNG.Sumo -->
