<?xml version="1.0" encoding="UTF-8"?>
<!-- Generated by org.testng.reporters.JUnitReportReporter -->
<testsuite hostname="LAPTOP-2TS75UGP" failures="0" tests="1" name="testNGExecution.Test2" time="112.489" errors="0" timestamp="2023-07-19T14:05:40 IST" skipped="0">
  <testcase classname="testNGExecution.Test2" name="testMethod2" time="112.489"/>
</testsuite> <!-- testNGExecution.Test2 -->
