<?xml version="1.0" encoding="UTF-8"?>
<!-- Generated by org.testng.reporters.JUnitReportReporter -->
<testsuite hostname="LAPTOP-2TS75UGP" failures="0" tests="2" name="testNGExecution.SelectBrowser" time="10.898" errors="0" timestamp="2023-07-19T18:33:43 IST" skipped="0">
  <testcase classname="testNGExecution.SelectBrowser" name="testParallelMethod" time="4.634"/>
  <testcase classname="testNGExecution.SelectBrowser" name="testParallelMethod" time="6.264"/>
</testsuite> <!-- testNGExecution.SelectBrowser -->
